PHP Warning:  PHP Startup: Unable to load dynamic library 'imagick' (tried: \\Server\\xampp\\php.7.2\\ext\\imagick (\xef\xbf\xbd\xd2\xb2\xef\xbf\xbd\xef\xbf\xbd\xef\xbf\xbd\xd6\xb8\xef\xbf\xbd\xef\xbf\xbd\xef\xbf\xbd\xef\xbf\xbd\xc4\xa3\xef\xbf\xbd\xe9\xa1\xa3), \\Server\\xampp\\php.7.2\\ext\\php_imagick.dll (%1 \xef\xbf\xbd\xef\xbf\xbd\xef\xbf\xbd\xef\xbf\xbd\xef\xbf\xbd\xef\xbf\xbd\xd0\xa7\xef\xbf\xbd\xef\xbf\xbd Win32 \xd3\xa6\xef\xbf\xbd\xc3\xb3\xef\xbf\xbd\xef\xbf\xbd\xef\xbf\xbd)) in Unknown on line 0
[Fri Mar 29 16:43:30.511579 2019] [mpm_winnt:notice] [pid 2616:tid 796] AH00455: Apache/2.4.38 (Win64) OpenSSL/1.1.1b PHP/7.2.16 configured -- resuming normal operations
[Fri Mar 29 16:43:30.511579 2019] [mpm_winnt:notice] [pid 2616:tid 796] AH00456: Apache Lounge VC15 Server built: Feb 28 2019 11:40:54
[Fri Mar 29 16:43:30.511579 2019] [core:notice] [pid 2616:tid 796] AH00094: Command line: 'apache\\bin\\httpd.exe -d D:/Server/xampp/apache'
[Fri Mar 29 16:43:30.521574 2019] [mpm_winnt:notice] [pid 2616:tid 796] AH00418: Parent: Created child process 316
Apache server interrupted...
able to load dynamic library 'imagick' (tried: \\Server\\xampp\\php.7.2\\ext\\imagick (\xef\xbf\xbd\xd2\xb2\xef\xbf\xbd\xef\xbf\xbd\xef\xbf\xbd\xd6\xb8\xef\xbf\xbd\xef\xbf\xbd\xef\xbf\xbd\xef\xbf\xbd\xc4\xa3\xef\xbf\xbd\xe9\xa1\xa3), \\Server\\xampp\\php.7.2\\ext\\php_imagick.dll (%1 \xef\xbf\xbd\xef\xbf\xbd\xef\xbf\xbd\xef\xbf\xbd\xef\xbf\xbd\xef\xbf\xbd\xd0\xa7\xef\xbf\xbd\xef\xbf\xbd Win32 \xd3\xa6\xef\xbf\xbd\xc3\xb3\xef\xbf\xbd\xef\xbf\xbd\xef\xbf\xbd)) in Unknown on line 0
[Fri Mar 29 16:43:32.062681 2019] [mpm_winnt:notice] [pid 316:tid 712] AH00354: Child: Starting 150 worker threads.
[Fri Mar 29 16:50:48.094936 2019] [mpm_winnt:notice] [pid 2616:tid 796] AH00422: Parent: Received shutdown signal -- Shutting down the server.
[Fri Mar 29 16:50:50.096403 2019] [mpm_winnt:notice] [pid 316:tid 712] AH00364: Child: All worker threads have exited.
[Fri Mar 29 16:50:50.120388 2019] [mpm_winnt:notice] [pid 2616:tid 796] AH00430: Parent: Child process 316 exited successfully.
[Fri Mar 29 16:50:50.120388 2019] [core:error] [pid 2616:tid 796] (OS 2)系统找不到指定的文件。  : AH00095: failed to remove PID file D:/Server/xampp/apache/logs/httpd.pid
PHP Warning:  PHP Startup: Unable to load dynamic library 'imagick' (tried: \\Server\\xampp\\php.7.2\\ext\\imagick (\xef\xbf\xbd\xd2\xb2\xef\xbf\xbd\xef\xbf\xbd\xef\xbf\xbd\xd6\xb8\xef\xbf\xbd\xef\xbf\xbd\xef\xbf\xbd\xef\xbf\xbd\xc4\xa3\xef\xbf\xbd\xe9\xa1\xa3), \\Server\\xampp\\php.7.2\\ext\\php_imagick.dll (\xef\xbf\xbd\xd2\xb2\xef\xbf\xbd\xef\xbf\xbd\xef\xbf\xbd\xd6\xb8\xef\xbf\xbd\xef\xbf\xbd\xef\xbf\xbd\xef\xbf\xbd\xc4\xa3\xef\xbf\xbd\xe9\xa1\xa3)) in Unknown on line 0
[Fri Mar 29 17:00:32.111262 2019] [mpm_winnt:notice] [pid 16168:tid 596] AH00455: Apache/2.4.38 (Win64) OpenSSL/1.1.1b PHP/7.2.16 configured -- resuming normal operations
[Fri Mar 29 17:00:32.111262 2019] [mpm_winnt:notice] [pid 16168:tid 596] AH00456: Apache Lounge VC15 Server built: Feb 28 2019 11:40:54
[Fri Mar 29 17:00:32.111262 2019] [core:notice] [pid 16168:tid 596] AH00094: Command line: 'd:\\server\\xampp\\apache\\bin\\httpd.exe -d D:/Server/xampp/apache'
[Fri Mar 29 17:00:32.119257 2019] [mpm_winnt:notice] [pid 16168:tid 596] AH00418: Parent: Created child process 2060
PHP Warning:  PHP Startup: Unable to load dynamic library 'imagick' (tried: \\Server\\xampp\\php.7.2\\ext\\imagick (\xef\xbf\xbd\xd2\xb2\xef\xbf\xbd\xef\xbf\xbd\xef\xbf\xbd\xd6\xb8\xef\xbf\xbd\xef\xbf\xbd\xef\xbf\xbd\xef\xbf\xbd\xc4\xa3\xef\xbf\xbd\xe9\xa1\xa3), \\Server\\xampp\\php.7.2\\ext\\php_imagick.dll (\xef\xbf\xbd\xd2\xb2\xef\xbf\xbd\xef\xbf\xbd\xef\xbf\xbd\xd6\xb8\xef\xbf\xbd\xef\xbf\xbd\xef\xbf\xbd\xef\xbf\xbd\xc4\xa3\xef\xbf\xbd\xe9\xa1\xa3)) in Unknown on line 0
[Fri Mar 29 17:00:32.716917 2019] [mpm_winnt:notice] [pid 2060:tid 768] AH00354: Child: Starting 150 worker threads.
[Fri Mar 29 17:01:32.802923 2019] [core:warn] [pid 7828:tid 576] AH00098: pid file D:/Server/xampp/apache/logs/httpd.pid overwritten -- Unclean shutdown of previous Apache run?
PHP Warning:  PHP Startup: Unable to load dynamic library 'php_imagick.dll' (tried: \\Server\\xampp\\php.7.2\\ext\\php_imagick.dll (\xef\xbf\xbd\xd2\xb2\xef\xbf\xbd\xef\xbf\xbd\xef\xbf\xbd\xd6\xb8\xef\xbf\xbd\xef\xbf\xbd\xef\xbf\xbd\xef\xbf\xbd\xc4\xa3\xef\xbf\xbd\xe9\xa1\xa3), \\Server\\xampp\\php.7.2\\ext\\php_php_imagick.dll.dll (\xef\xbf\xbd\xd2\xb2\xef\xbf\xbd\xef\xbf\xbd\xef\xbf\xbd\xd6\xb8\xef\xbf\xbd\xef\xbf\xbd\xef\xbf\xbd\xef\xbf\xbd\xc4\xa3\xef\xbf\xbd\xe9\xa1\xa3)) in Unknown on line 0
[Fri Mar 29 17:01:32.852895 2019] [mpm_winnt:notice] [pid 7828:tid 576] AH00455: Apache/2.4.38 (Win64) OpenSSL/1.1.1b PHP/7.2.16 configured -- resuming normal operations
[Fri Mar 29 17:01:32.852895 2019] [mpm_winnt:notice] [pid 7828:tid 576] AH00456: Apache Lounge VC15 Server built: Feb 28 2019 11:40:54
[Fri Mar 29 17:01:32.852895 2019] [core:notice] [pid 7828:tid 576] AH00094: Command line: 'd:\\server\\xampp\\apache\\bin\\httpd.exe -d D:/Server/xampp/apache'
[Fri Mar 29 17:01:32.862898 2019] [mpm_winnt:notice] [pid 7828:tid 576] AH00418: Parent: Created child process 6284
PHP Warning:  PHP Startup: Unable to load dynamic library 'php_imagick.dll' (tried: \\Server\\xampp\\php.7.2\\ext\\php_imagick.dll (\xef\xbf\xbd\xd2\xb2\xef\xbf\xbd\xef\xbf\xbd\xef\xbf\xbd\xd6\xb8\xef\xbf\xbd\xef\xbf\xbd\xef\xbf\xbd\xef\xbf\xbd\xc4\xa3\xef\xbf\xbd\xe9\xa1\xa3), \\Server\\xampp\\php.7.2\\ext\\php_php_imagick.dll.dll (\xef\xbf\xbd\xd2\xb2\xef\xbf\xbd\xef\xbf\xbd\xef\xbf\xbd\xd6\xb8\xef\xbf\xbd\xef\xbf\xbd\xef\xbf\xbd\xef\xbf\xbd\xc4\xa3\xef\xbf\xbd\xe9\xa1\xa3)) in Unknown on line 0
[Fri Mar 29 17:01:33.467545 2019] [mpm_winnt:notice] [pid 6284:tid 736] AH00354: Child: Starting 150 worker threads.
[Fri Mar 29 18:16:58.688172 2019] [core:warn] [pid 9580:tid 552] AH00098: pid file D:/Server/xampp/apache/logs/httpd.pid overwritten -- Unclean shutdown of previous Apache run?
[Fri Mar 29 18:17:03.452444 2019] [mpm_winnt:notice] [pid 9580:tid 552] AH00455: Apache/2.4.38 (Win64) OpenSSL/1.1.1b PHP/7.2.16 configured -- resuming normal operations
[Fri Mar 29 18:17:03.452444 2019] [mpm_winnt:notice] [pid 9580:tid 552] AH00456: Apache Lounge VC15 Server built: Feb 28 2019 11:40:54
[Fri Mar 29 18:17:03.452444 2019] [core:notice] [pid 9580:tid 552] AH00094: Command line: 'd:\\server\\xampp\\apache\\bin\\httpd.exe -d D:/Server/xampp/apache'
[Fri Mar 29 18:17:03.461440 2019] [mpm_winnt:notice] [pid 9580:tid 552] AH00418: Parent: Created child process 16184
[Fri Mar 29 18:17:04.197021 2019] [mpm_winnt:notice] [pid 16184:tid 808] AH00354: Child: Starting 150 worker threads.
[Fri Mar 29 18:17:46.428870 2019] [php7:error] [pid 16184:tid 1888] [client 127.0.0.1:53079] PHP Fatal error:  Maximum execution time of 30 seconds exceeded in D:\\Codes\\Website\\phpinfo.php on line 3
[Fri Mar 29 18:17:46.430868 2019] [php7:error] [pid 16184:tid 1896] [client 127.0.0.1:53078] PHP Fatal error:  Maximum execution time of 30 seconds exceeded in D:\\Codes\\Website\\phpinfo.php on line 3
